<?xml version="1.0" encoding="UTF-8"?>
<scr:component xmlns:scr="http://www.osgi.org/xmlns/scr/v1.1.0" name="org.eclipselabs.mongo.emf.query.simple.junit">
   <implementation class="org.eclipselabs.mongo.emf.query.simple.junit.tests.TestMongoEmfQuery"/>
   <reference bind="bindResourceSetFactory" cardinality="1..1" interface="org.eclipselabs.mongo.emf.IResourceSetFactory" name="IResourceSetFactory" policy="static"/>
</scr:component>
