<?xml version="1.0" encoding="UTF-8"?>
<scr:component xmlns:scr="http://www.osgi.org/xmlns/scr/v1.1.0" name="org.eclipselabs.emf.mongodb.query.simple.junit">
   <implementation class="org.eclipselabs.emf.mongodb.query.simple.junit.tests.TestMongoEmfQuery"/>
   <reference bind="bindResourceSetFactory" cardinality="1..1" interface="org.eclipselabs.emf.ext.ResourceSetFactory" name="ResourceSetFactory" policy="static"/>
   <reference cardinality="1..1" interface="org.eclipselabs.emongo.MongoProvider" name="MongoProvider" policy="static"/>
</scr:component>
